-------------------------------------------------------------------------------
Test set: mockit.MisusedExpectationsTest
-------------------------------------------------------------------------------
Tests run: 42, Failures: 1, Errors: 0, Skipped: 0, Time elapsed: 0.769 sec <<< FAILURE! - in mockit.MisusedExpectationsTest
expectationBlockContainingAnIfStatement(mockit.MisusedExpectationsTest)  Time elapsed: 0.015 sec  <<< FAILURE!
java.lang.AssertionError: 

Expected: (an instance of java.lang.IllegalArgumentException and exception with message a string containing "conditional")
     but: an instance of java.lang.IllegalArgumentException <mockit.internal.MissingInvocation: Missing 1 invocation to:
mockit.MisusedExpectationsTest$Blah#value()
   on mock instance: mockit.MisusedExpectationsTest$Blah@7756c3cd> is a mockit.internal.MissingInvocation
Stacktrace was: mockit.internal.MissingInvocation: Missing 1 invocation to:
mockit.MisusedExpectationsTest$Blah#value()
   on mock instance: mockit.MisusedExpectationsTest$Blah@7756c3cd
	at org.apache.maven.surefire.junit4.JUnit4Provider.execute(JUnit4Provider.java:367)
	at org.apache.maven.surefire.junit4.JUnit4Provider.executeWithRerun(JUnit4Provider.java:274)
	at org.apache.maven.surefire.junit4.JUnit4Provider.executeTestSet(JUnit4Provider.java:238)
	at org.apache.maven.surefire.junit4.JUnit4Provider.invoke(JUnit4Provider.java:161)
	at org.apache.maven.surefire.booter.ForkedBooter.invokeProviderInSameClassLoader(ForkedBooter.java:290)
	at org.apache.maven.surefire.booter.ForkedBooter.runSuitesInProcess(ForkedBooter.java:242)
	at org.apache.maven.surefire.booter.ForkedBooter.main(ForkedBooter.java:121)
Caused by: Missing invocations
	at mockit.MisusedExpectationsTest$Blah.value(MisusedExpectationsTest.java)
	at mockit.MisusedExpectationsTest$30.<init>(MisusedExpectationsTest.java:387)
	at mockit.MisusedExpectationsTest.expectationBlockContainingAnIfStatement(MisusedExpectationsTest.java:386)
	at sun.reflect.NativeMethodAccessorImpl.invoke0(Native Method)
	at java.lang.reflect.Method.invoke(Method.java:498)
	... 7 more


