-------------------------------------------------------------------------------
Test set: mockit.MockingUpEverythingTest
-------------------------------------------------------------------------------
Tests run: 5, Failures: 1, Errors: 0, Skipped: 0, Time elapsed: 0.407 sec <<< FAILURE! - in mockit.MockingUpEverythingTest
mockEveryMethodInAllClassesImplementingAnInterface(mockit.MockingUpEverythingTest)  Time elapsed: 0.231 sec  <<< FAILURE!
java.lang.AssertionError: expected:<20.0> but was:<31.0>
	at mockit.MockingUpEverythingTest.mockEveryMethodInAllClassesImplementingAnInterface(MockingUpEverythingTest.java:237)

