-------------------------------------------------------------------------------
Test set: mockit.AssertionErrorMessagesTest
-------------------------------------------------------------------------------
Tests run: 16, Failures: 0, Errors: 0, Skipped: 0, Time elapsed: 0.334 sec - in mockit.AssertionErrorMessagesTest
