-------------------------------------------------------------------------------
Test set: mockit.MockingUpBaseTypesTest
-------------------------------------------------------------------------------
Tests run: 9, Failures: 1, Errors: 0, Skipped: 0, Time elapsed: 1.208 sec <<< FAILURE! - in mockit.MockingUpBaseTypesTest
mockit.MockingUpBaseTypesTest  Time elapsed: 0.125 sec  <<< FAILURE!
java.lang.AssertionError: expected:<34> but was:<12>
	at mockit.MockingUpBaseTypesTest.verifyMockUpForAllTestsIsInEffect(MockingUpBaseTypesTest.java:37)

